This is pdfTeX, Version 3.14159265-2.6-1.40.19 (TeX Live 2018/W32TeX) (preloaded format=pdflatex 2019.4.26)  14 MAY 2019 16:11
entering extended mode
 restricted \write18 enabled.
 %&-line parsing enabled.
**Big_Skate_2019.tex
(./Big_Skate_2019.tex
LaTeX2e <2018-12-01>

(c:/Users/Andi.Stephens/AppData/Roaming/TinyTeX/texmf-dist/tex/latex/base/artic
le.cls
Document Class: article 2018/09/03 v1.4i Standard LaTeX document class

(c:/Users/Andi.Stephens/AppData/Roaming/TinyTeX/texmf-dist/tex/latex/base/size1
2.clo
File: size12.clo 2018/09/03 v1.4i Standard LaTeX file (size option)
)
\c@part=\count80
\c@section=\count81
\c@subsection=\count82
\c@subsubsection=\count83
\c@paragraph=\count84
\c@subparagraph=\count85
\c@figure=\count86
\c@table=\count87
\abovecaptionskip=\skip41
\belowcaptionskip=\skip42
\bibindent=\dimen102
)
(c:/Users/Andi.Stephens/AppData/Roaming/TinyTeX/texmf-dist/tex/latex/amsfonts/a
mssymb.sty
Package: amssymb 2013/01/14 v3.01 AMS font symbols

(c:/Users/Andi.Stephens/AppData/Roaming/TinyTeX/texmf-dist/tex/latex/amsfonts/a
msfonts.sty
Package: amsfonts 2013/01/14 v3.01 Basic AMSFonts support
\@emptytoks=\toks14
\symAMSa=\mathgroup4
\symAMSb=\mathgroup5
LaTeX Font Info:    Overwriting math alphabet `\mathfrak' in version `bold'
(Font)                  U/euf/m/n --> U/euf/b/n on input line 106.
))
(c:/Users/Andi.Stephens/AppData/Roaming/TinyTeX/texmf-dist/tex/latex/amsmath/am
smath.sty
Package: amsmath 2018/12/01 v2.17b AMS math features
\@mathmargin=\skip43
For additional information on amsmath, use the `?' option.

(c:/Users/Andi.Stephens/AppData/Roaming/TinyTeX/texmf-dist/tex/latex/amsmath/am
stext.sty
Package: amstext 2000/06/29 v2.01 AMS text

(c:/Users/Andi.Stephens/AppData/Roaming/TinyTeX/texmf-dist/tex/latex/amsmath/am
sgen.sty
File: amsgen.sty 1999/11/30 v2.0 generic functions
\@emptytoks=\toks15
\ex@=\dimen103
))
(c:/Users/Andi.Stephens/AppData/Roaming/TinyTeX/texmf-dist/tex/latex/amsmath/am
sbsy.sty
Package: amsbsy 1999/11/29 v1.2d Bold Symbols
\pmbraise@=\dimen104
)
(c:/Users/Andi.Stephens/AppData/Roaming/TinyTeX/texmf-dist/tex/latex/amsmath/am
sopn.sty
Package: amsopn 2016/03/08 v2.02 operator names
)
\inf@bad=\count88
LaTeX Info: Redefining \frac on input line 223.
\uproot@=\count89
\leftroot@=\count90
LaTeX Info: Redefining \overline on input line 385.
\classnum@=\count91
\DOTSCASE@=\count92
LaTeX Info: Redefining \ldots on input line 482.
LaTeX Info: Redefining \dots on input line 485.
LaTeX Info: Redefining \cdots on input line 606.
\Mathstrutbox@=\box27
\strutbox@=\box28
\big@size=\dimen105
LaTeX Font Info:    Redeclaring font encoding OML on input line 729.
LaTeX Font Info:    Redeclaring font encoding OMS on input line 730.
\macc@depth=\count93
\c@MaxMatrixCols=\count94
\dotsspace@=\muskip10
\c@parentequation=\count95
\dspbrk@lvl=\count96
\tag@help=\toks16
\row@=\count97
\column@=\count98
\maxfields@=\count99
\andhelp@=\toks17
\eqnshift@=\dimen106
\alignsep@=\dimen107
\tagshift@=\dimen108
\tagwidth@=\dimen109
\totwidth@=\dimen110
\lineht@=\dimen111
\@envbody=\toks18
\multlinegap=\skip44
\multlinetaggap=\skip45
\mathdisplay@stack=\toks19
LaTeX Info: Redefining \[ on input line 2844.
LaTeX Info: Redefining \] on input line 2845.
)
(c:/Users/Andi.Stephens/AppData/Roaming/TinyTeX/texmf-dist/tex/generic/ifxetex/
ifxetex.sty
Package: ifxetex 2010/09/12 v0.6 Provides ifxetex conditional
)
(c:/Users/Andi.Stephens/AppData/Roaming/TinyTeX/texmf-dist/tex/generic/oberdiek
/ifluatex.sty
Package: ifluatex 2016/05/16 v1.4 Provides the ifluatex switch (HO)
Package ifluatex Info: LuaTeX not detected.
)
(c:/Users/Andi.Stephens/AppData/Roaming/TinyTeX/texmf-dist/tex/latex/base/fixlt
x2e.sty
Package: fixltx2e 2016/12/29 v2.1a fixes to LaTeX (obsolete)
Applying: [2015/01/01] Old fixltx2e package on input line 46.

Package fixltx2e Warning: fixltx2e is not required with releases after 2015
(fixltx2e)                All fixes are now in the LaTeX kernel.
(fixltx2e)                See the latexrelease package for details.

Already applied: [0000/00/00] Old fixltx2e package on input line 53.
)
(c:/Users/Andi.Stephens/AppData/Roaming/TinyTeX/texmf-dist/tex/latex/upquote/up
quote.sty
Package: upquote 2012/04/19 v1.3 upright-quote and grave-accent glyphs in verba
tim
)
(c:/Users/Andi.Stephens/AppData/Roaming/TinyTeX/texmf-dist/tex/latex/geometry/g
eometry.sty
Package: geometry 2018/04/16 v5.8 Page Geometry

(c:/Users/Andi.Stephens/AppData/Roaming/TinyTeX/texmf-dist/tex/latex/graphics/k
eyval.sty
Package: keyval 2014/10/28 v1.15 key=value parser (DPC)
\KV@toks@=\toks20
)
(c:/Users/Andi.Stephens/AppData/Roaming/TinyTeX/texmf-dist/tex/generic/oberdiek
/ifpdf.sty
Package: ifpdf 2018/09/07 v3.3 Provides the ifpdf switch
)
(c:/Users/Andi.Stephens/AppData/Roaming/TinyTeX/texmf-dist/tex/generic/oberdiek
/ifvtex.sty
Package: ifvtex 2016/05/16 v1.6 Detect VTeX and its facilities (HO)
Package ifvtex Info: VTeX not detected.
)
\Gm@cnth=\count100
\Gm@cntv=\count101
\c@Gm@tempcnt=\count102
\Gm@bindingoffset=\dimen112
\Gm@wd@mp=\dimen113
\Gm@odd@mp=\dimen114
\Gm@even@mp=\dimen115
\Gm@layoutwidth=\dimen116
\Gm@layoutheight=\dimen117
\Gm@layouthoffset=\dimen118
\Gm@layoutvoffset=\dimen119
\Gm@dimlist=\toks21
)
(c:/Users/Andi.Stephens/AppData/Roaming/TinyTeX/texmf-dist/tex/latex/hyperref/h
yperref.sty
Package: hyperref 2018/11/30 v6.88e Hypertext links for LaTeX

(c:/Users/Andi.Stephens/AppData/Roaming/TinyTeX/texmf-dist/tex/generic/oberdiek
/hobsub-hyperref.sty
Package: hobsub-hyperref 2016/05/16 v1.14 Bundle oberdiek, subset hyperref (HO)


(c:/Users/Andi.Stephens/AppData/Roaming/TinyTeX/texmf-dist/tex/generic/oberdiek
/hobsub-generic.sty
Package: hobsub-generic 2016/05/16 v1.14 Bundle oberdiek, subset generic (HO)
Package: hobsub 2016/05/16 v1.14 Construct package bundles (HO)
Package: infwarerr 2016/05/16 v1.4 Providing info/warning/error messages (HO)
Package: ltxcmds 2016/05/16 v1.23 LaTeX kernel commands for general use (HO)
Package hobsub Info: Skipping package `ifluatex' (already loaded).
Package hobsub Info: Skipping package `ifvtex' (already loaded).
Package: intcalc 2016/05/16 v1.2 Expandable calculations with integers (HO)
Package hobsub Info: Skipping package `ifpdf' (already loaded).
Package: etexcmds 2016/05/16 v1.6 Avoid name clashes with e-TeX commands (HO)
Package etexcmds Info: Could not find \expanded.
(etexcmds)             That can mean that you are not using pdfTeX 1.50 or
(etexcmds)             that some package has redefined \expanded.
(etexcmds)             In the latter case, load this package earlier.
Package: kvsetkeys 2016/05/16 v1.17 Key value parser (HO)
Package: kvdefinekeys 2016/05/16 v1.4 Define keys (HO)
Package: pdftexcmds 2018/09/10 v0.29 Utility functions of pdfTeX for LuaTeX (HO
)
Package pdftexcmds Info: LuaTeX not detected.
Package pdftexcmds Info: \pdf@primitive is available.
Package pdftexcmds Info: \pdf@ifprimitive is available.
Package pdftexcmds Info: \pdfdraftmode found.
Package: pdfescape 2016/05/16 v1.14 Implements pdfTeX's escape features (HO)
Package: bigintcalc 2016/05/16 v1.4 Expandable calculations on big integers (HO
)
Package: bitset 2016/05/16 v1.2 Handle bit-vector datatype (HO)
Package: uniquecounter 2016/05/16 v1.3 Provide unlimited unique counter (HO)
)
Package hobsub Info: Skipping package `hobsub' (already loaded).
Package: letltxmacro 2016/05/16 v1.5 Let assignment for LaTeX macros (HO)
Package: hopatch 2016/05/16 v1.3 Wrapper for package hooks (HO)
Package: xcolor-patch 2016/05/16 xcolor patch
Package: atveryend 2016/05/16 v1.9 Hooks at the very end of document (HO)
Package atveryend Info: \enddocument detected (standard20110627).
Package: atbegshi 2016/06/09 v1.18 At begin shipout hook (HO)
Package: refcount 2016/05/16 v3.5 Data extraction from label references (HO)
Package: hycolor 2016/05/16 v1.8 Color options for hyperref/bookmark (HO)
)
(c:/Users/Andi.Stephens/AppData/Roaming/TinyTeX/texmf-dist/tex/latex/oberdiek/a
uxhook.sty
Package: auxhook 2016/05/16 v1.4 Hooks for auxiliary files (HO)
)
(c:/Users/Andi.Stephens/AppData/Roaming/TinyTeX/texmf-dist/tex/latex/oberdiek/k
voptions.sty
Package: kvoptions 2016/05/16 v3.12 Key value format for package options (HO)
)
\@linkdim=\dimen120
\Hy@linkcounter=\count103
\Hy@pagecounter=\count104

(c:/Users/Andi.Stephens/AppData/Roaming/TinyTeX/texmf-dist/tex/latex/hyperref/p
d1enc.def
File: pd1enc.def 2018/11/30 v6.88e Hyperref: PDFDocEncoding definition (HO)
Now handling font encoding PD1 ...
... no UTF-8 mapping file for font encoding PD1
)
\Hy@SavedSpaceFactor=\count105

(c:/Users/Andi.Stephens/AppData/Roaming/TinyTeX/texmf-dist/tex/latex/latexconfi
g/hyperref.cfg
File: hyperref.cfg 2002/06/06 v1.2 hyperref configuration of TeXLive
)
Package hyperref Info: Hyper figures OFF on input line 4519.
Package hyperref Info: Link nesting OFF on input line 4524.
Package hyperref Info: Hyper index ON on input line 4527.
Package hyperref Info: Plain pages OFF on input line 4534.
Package hyperref Info: Backreferencing OFF on input line 4539.
Package hyperref Info: Implicit mode ON; LaTeX internals redefined.
Package hyperref Info: Bookmarks ON on input line 4772.
\c@Hy@tempcnt=\count106

(c:/Users/Andi.Stephens/AppData/Roaming/TinyTeX/texmf-dist/tex/latex/url/url.st
y
\Urlmuskip=\muskip11
Package: url 2013/09/16  ver 3.4  Verb mode for urls, etc.
)
LaTeX Info: Redefining \url on input line 5125.
\XeTeXLinkMargin=\dimen121
\Fld@menulength=\count107
\Field@Width=\dimen122
\Fld@charsize=\dimen123
Package hyperref Info: Hyper figures OFF on input line 6380.
Package hyperref Info: Link nesting OFF on input line 6385.
Package hyperref Info: Hyper index ON on input line 6388.
Package hyperref Info: backreferencing OFF on input line 6395.
Package hyperref Info: Link coloring OFF on input line 6400.
Package hyperref Info: Link coloring with OCG OFF on input line 6405.
Package hyperref Info: PDF/A mode OFF on input line 6410.
LaTeX Info: Redefining \ref on input line 6450.
LaTeX Info: Redefining \pageref on input line 6454.
\Hy@abspage=\count108
\c@Item=\count109
\c@Hfootnote=\count110
)
Package hyperref Info: Driver (autodetected): hpdftex.

(c:/Users/Andi.Stephens/AppData/Roaming/TinyTeX/texmf-dist/tex/latex/hyperref/h
pdftex.def
File: hpdftex.def 2018/11/30 v6.88e Hyperref driver for pdfTeX
\Fld@listcount=\count111
\c@bookmark@seq@number=\count112

(c:/Users/Andi.Stephens/AppData/Roaming/TinyTeX/texmf-dist/tex/latex/oberdiek/r
erunfilecheck.sty
Package: rerunfilecheck 2016/05/16 v1.8 Rerun checks for auxiliary files (HO)
Package uniquecounter Info: New unique counter `rerunfilecheck' on input line 2
82.
)
\Hy@SectionHShift=\skip46
)
Package hyperref Info: Option `unicode' set `true' on input line 34.

(c:/Users/Andi.Stephens/AppData/Roaming/TinyTeX/texmf-dist/tex/latex/hyperref/p
uenc.def
File: puenc.def 2018/11/30 v6.88e Hyperref: PDF Unicode definition (HO)
Now handling font encoding PU ...
... no UTF-8 mapping file for font encoding PU
)
Package hyperref Info: Option `breaklinks' set `true' on input line 34.

(c:/Users/Andi.Stephens/AppData/Roaming/TinyTeX/texmf-dist/tex/latex/graphics/g
raphicx.sty
Package: graphicx 2017/06/01 v1.1a Enhanced LaTeX Graphics (DPC,SPQR)

(c:/Users/Andi.Stephens/AppData/Roaming/TinyTeX/texmf-dist/tex/latex/graphics/g
raphics.sty
Package: graphics 2017/06/25 v1.2c Standard LaTeX Graphics (DPC,SPQR)

(c:/Users/Andi.Stephens/AppData/Roaming/TinyTeX/texmf-dist/tex/latex/graphics/t
rig.sty
Package: trig 2016/01/03 v1.10 sin cos tan (DPC)
)
(c:/Users/Andi.Stephens/AppData/Roaming/TinyTeX/texmf-dist/tex/latex/graphics-c
fg/graphics.cfg
File: graphics.cfg 2016/06/04 v1.11 sample graphics configuration
)
Package graphics Info: Driver file: pdftex.def on input line 99.

(c:/Users/Andi.Stephens/AppData/Roaming/TinyTeX/texmf-dist/tex/latex/graphics-d
ef/pdftex.def
File: pdftex.def 2018/01/08 v1.0l Graphics/color driver for pdftex
))
\Gin@req@height=\dimen124
\Gin@req@width=\dimen125
)
(c:/Users/Andi.Stephens/AppData/Roaming/TinyTeX/texmf-dist/tex/latex/oberdiek/g
rffile.sty
Package: grffile 2017/06/30 v1.18 Extended file name support for graphics (HO)
Package grffile Info: Option `multidot' is set to `true'.
Package grffile Info: Option `extendedchars' is set to `false'.
Package grffile Info: Option `space' is set to `true'.
Package grffile Info: \Gin@ii of package `graphicx' fixed on input line 494.
)
(c:/Users/Andi.Stephens/AppData/Roaming/TinyTeX/texmf-dist/tex/latex/titling/ti
tling.sty
Package: titling 2009/09/04 v2.1d maketitle typesetting
\thanksmarkwidth=\skip47
\thanksmargin=\skip48
\droptitle=\skip49
)
(c:/Users/Andi.Stephens/AppData/Roaming/TinyTeX/texmf-dist/tex/latex/tools/tabu
larx.sty
Package: tabularx 2016/02/03 v2.11b `tabularx' package (DPC)

(c:/Users/Andi.Stephens/AppData/Roaming/TinyTeX/texmf-dist/tex/latex/tools/arra
y.sty
Package: array 2018/12/30 v2.4k Tabular extension package (FMi)
\col@sep=\dimen126
\ar@mcellbox=\box29
\extrarowheight=\dimen127
\NC@list=\toks22
\extratabsurround=\skip50
\backup@length=\skip51
\ar@cellbox=\box30
)
\TX@col@width=\dimen128
\TX@old@table=\dimen129
\TX@old@col=\dimen130
\TX@target=\dimen131
\TX@delta=\dimen132
\TX@cols=\count113
\TX@ftn=\toks23
)
(c:/Users/Andi.Stephens/AppData/Roaming/TinyTeX/texmf-dist/tex/latex/caption/ca
ption.sty
Package: caption 2018/10/06 v3.3-154 Customizing captions (AR)

(c:/Users/Andi.Stephens/AppData/Roaming/TinyTeX/texmf-dist/tex/latex/caption/ca
ption3.sty
Package: caption3 2018/09/12 v1.8c caption3 kernel (AR)
Package caption3 Info: TeX engine: e-TeX on input line 64.
\captionmargin=\dimen133
\captionmargin@=\dimen134
\captionwidth=\dimen135
\caption@tempdima=\dimen136
\caption@indent=\dimen137
\caption@parindent=\dimen138
\caption@hangindent=\dimen139
)
\c@caption@flags=\count114
\c@ContinuedFloat=\count115
Package caption Info: hyperref package is loaded.
)
(c:/Users/Andi.Stephens/AppData/Roaming/TinyTeX/texmf-dist/tex/latex/tools/long
table.sty
Package: longtable 2014/10/28 v4.11 Multi-page Table package (DPC)+ FMi change
\LTleft=\skip52
\LTright=\skip53
\LTpre=\skip54
\LTpost=\skip55
\LTchunksize=\count116
\LTcapwidth=\dimen140
\LT@head=\box31
\LT@firsthead=\box32
\LT@foot=\box33
\LT@lastfoot=\box34
\LT@cols=\count117
\LT@rows=\count118
\c@LT@tables=\count119
\c@LT@chunks=\count120
\LT@p@ftn=\toks24
)
(c:/Users/Andi.Stephens/AppData/Roaming/TinyTeX/texmf-dist/tex/latex/graphics/r
otating.sty
Package: rotating 2016/08/11 v2.16d rotated objects in LaTeX

(c:/Users/Andi.Stephens/AppData/Roaming/TinyTeX/texmf-dist/tex/latex/base/ifthe
n.sty
Package: ifthen 2014/09/29 v1.1c Standard LaTeX ifthen package (DPC)
)
\c@r@tfl@t=\count121
\rotFPtop=\skip56
\rotFPbot=\skip57
\rot@float@box=\box35
\rot@mess@toks=\toks25
) (./float.sty
Package: float 2001/11/08 v1.3d Float enhancements (AL)
\c@float@type=\count122
\float@exts=\toks26
\float@box=\box36
\@float@everytoks=\toks27
\@floatcapt=\box37
)
(c:/Users/Andi.Stephens/AppData/Roaming/TinyTeX/texmf-dist/tex/latex/placeins/p
laceins.sty
Package: placeins 2005/04/18  v 2.2
)
(c:/Users/Andi.Stephens/AppData/Roaming/TinyTeX/texmf-dist/tex/latex/tools/inde
ntfirst.sty
Package: indentfirst 1995/11/23 v1.03 Indent first paragraph (DPC)
)
(c:/Users/Andi.Stephens/AppData/Roaming/TinyTeX/texmf-dist/tex/latex/mdwtools/m
dwtab.sty
Package: mdwtab 1998/04/28 1.9 Table typesetting with style
\tab@state=\count123
\tab@columns=\count124
\tab@preamble=\toks28
\tab@shortline=\toks29
\extrarowheight=\dimen141
\tabextrasep=\dimen142
\arrayextrasep=\dimen143
\smarraycolsep=\dimen144
\smarrayextrasep=\dimen145
\tab@width=\dimen146
\col@sep=\dimen147
\tab@endheight=\dimen148
\tab@leftskip=\skip58
\tab@rightskip=\skip59
\fn@notes=\box38
\fn@width=\dimen149
)
(c:/Users/Andi.Stephens/AppData/Roaming/TinyTeX/texmf-dist/tex/latex/tools/enum
erate.sty
Package: enumerate 2015/07/23 v3.00 enumerate extensions (DPC)
\@enLab=\toks30
)
Package hyperref Info: Option `colorlinks' set `true' on input line 89.

(c:/Users/Andi.Stephens/AppData/Roaming/TinyTeX/texmf-dist/tex/latex/xcolor/xco
lor.sty
Package: xcolor 2016/05/11 v2.12 LaTeX color extensions (UK)

(c:/Users/Andi.Stephens/AppData/Roaming/TinyTeX/texmf-dist/tex/latex/graphics-c
fg/color.cfg
File: color.cfg 2016/01/02 v1.6 sample color configuration
)
Package xcolor Info: Package option `usenames' ignored on input line 216.
Package xcolor Info: Driver file: pdftex.def on input line 225.
Package xcolor Info: Model `cmy' substituted by `cmy0' on input line 1348.
Package xcolor Info: Model `hsb' substituted by `rgb' on input line 1352.
Package xcolor Info: Model `RGB' extended on input line 1364.
Package xcolor Info: Model `HTML' substituted by `rgb' on input line 1366.
Package xcolor Info: Model `Hsb' substituted by `hsb' on input line 1367.
Package xcolor Info: Model `tHsb' substituted by `hsb' on input line 1368.
Package xcolor Info: Model `HSB' substituted by `hsb' on input line 1369.
Package xcolor Info: Model `Gray' substituted by `gray' on input line 1370.
Package xcolor Info: Model `wave' substituted by `hsb' on input line 1371.

(c:/Users/Andi.Stephens/AppData/Roaming/TinyTeX/texmf-dist/tex/latex/graphics/d
vipsnam.def
File: dvipsnam.def 2016/06/17 v3.0m Driver-dependent file (DPC,SPQR)
))
(c:/Users/Andi.Stephens/AppData/Roaming/TinyTeX/texmf-dist/tex/latex/soul/soul.
sty
Package: soul 2003/11/17 v2.4 letterspacing/underlining (mf)
\SOUL@word=\toks31
\SOUL@lasttoken=\toks32
\SOUL@cmds=\toks33
\SOUL@buffer=\toks34
\SOUL@token=\toks35
\SOUL@spaceskip=\skip60
\SOUL@ttwidth=\dimen150
\SOUL@uldp=\dimen151
\SOUL@ulht=\dimen152
)
(c:/Users/Andi.Stephens/AppData/Roaming/TinyTeX/texmf-dist/tex/latex/enumitem/e
numitem.sty
Package: enumitem 2019/02/04 v3.8 Customized lists
\labelindent=\skip61
\enit@outerparindent=\dimen153
\enit@toks=\toks36
\enit@inbox=\box39
\enit@count@id=\count125
\enitdp@description=\count126
)
(c:/Users/Andi.Stephens/AppData/Roaming/TinyTeX/texmf-dist/tex/latex/lineno/lin
eno.sty
Package: lineno 2005/11/02 line numbers on paragraphs v4.41
\linenopenalty=\count127
\output=\toks37
\linenoprevgraf=\count128
\linenumbersep=\dimen154
\linenumberwidth=\dimen155
\c@linenumber=\count129
\c@pagewiselinenumber=\count130
\c@LN@truepage=\count131
\c@internallinenumber=\count132
\c@internallinenumbers=\count133
\quotelinenumbersep=\dimen156
\bframerule=\dimen157
\bframesep=\dimen158
\bframebox=\box40
LaTeX Info: Redefining \\ on input line 3056.
)
(c:/Users/Andi.Stephens/AppData/Roaming/TinyTeX/texmf-dist/tex/latex/tools/verb
atim.sty
Package: verbatim 2014/10/28 v1.5q LaTeX2e package for verbatim enhancements
\every@verbatim=\toks38
\verbatim@line=\toks39
\verbatim@in@stream=\read1
)
(c:/Users/Andi.Stephens/AppData/Roaming/TinyTeX/texmf-dist/tex/latex/fancyvrb/f
ancyvrb.sty
Package: fancyvrb 2019/01/15
Style option: `fancyvrb' v3.2a <2019/01/15> (tvz)
\FV@CodeLineNo=\count134
\FV@InFile=\read2
\FV@TabBox=\box41
\c@FancyVerbLine=\count135
\FV@StepNumber=\count136
\FV@OutFile=\write3
)
(c:/Users/Andi.Stephens/AppData/Roaming/TinyTeX/texmf-dist/tex/latex/base/textc
omp.sty
Package: textcomp 2018/08/11 v2.0j Standard LaTeX package
Package textcomp Info: Sub-encoding information:
(textcomp)               5 = only ISO-Adobe without \textcurrency
(textcomp)               4 = 5 + \texteuro
(textcomp)               3 = 4 + \textohm
(textcomp)               2 = 3 + \textestimated + \textcurrency
(textcomp)               1 = TS1 - \textcircled - \t
(textcomp)               0 = TS1 (full)
(textcomp)             Font families with sub-encoding setting implement
(textcomp)             only a restricted character set as indicated.
(textcomp)             Family '?' is the default used for unknown fonts.
(textcomp)             See the documentation for details.
Package textcomp Info: Setting ? sub-encoding to TS1/1 on input line 79.

(c:/Users/Andi.Stephens/AppData/Roaming/TinyTeX/texmf-dist/tex/latex/base/ts1en
c.def
File: ts1enc.def 2001/06/05 v3.0e (jk/car/fm) Standard LaTeX file
Now handling font encoding TS1 ...
... processing UTF-8 mapping file for font encoding TS1

(c:/Users/Andi.Stephens/AppData/Roaming/TinyTeX/texmf-dist/tex/latex/base/ts1en
c.dfu
File: ts1enc.dfu 2018/10/05 v1.2f UTF-8 support for inputenc
   defining Unicode char U+00A2 (decimal 162)
   defining Unicode char U+00A3 (decimal 163)
   defining Unicode char U+00A4 (decimal 164)
   defining Unicode char U+00A5 (decimal 165)
   defining Unicode char U+00A6 (decimal 166)
   defining Unicode char U+00A7 (decimal 167)
   defining Unicode char U+00A8 (decimal 168)
   defining Unicode char U+00A9 (decimal 169)
   defining Unicode char U+00AA (decimal 170)
   defining Unicode char U+00AC (decimal 172)
   defining Unicode char U+00AE (decimal 174)
   defining Unicode char U+00AF (decimal 175)
   defining Unicode char U+00B0 (decimal 176)
   defining Unicode char U+00B1 (decimal 177)
   defining Unicode char U+00B2 (decimal 178)
   defining Unicode char U+00B3 (decimal 179)
   defining Unicode char U+00B4 (decimal 180)
   defining Unicode char U+00B5 (decimal 181)
   defining Unicode char U+00B6 (decimal 182)
   defining Unicode char U+00B7 (decimal 183)
   defining Unicode char U+00B9 (decimal 185)
   defining Unicode char U+00BA (decimal 186)
   defining Unicode char U+00BC (decimal 188)
   defining Unicode char U+00BD (decimal 189)
   defining Unicode char U+00BE (decimal 190)
   defining Unicode char U+00D7 (decimal 215)
   defining Unicode char U+00F7 (decimal 247)
   defining Unicode char U+0192 (decimal 402)
   defining Unicode char U+02C7 (decimal 711)
   defining Unicode char U+02D8 (decimal 728)
   defining Unicode char U+02DD (decimal 733)
   defining Unicode char U+0E3F (decimal 3647)
   defining Unicode char U+2016 (decimal 8214)
   defining Unicode char U+2020 (decimal 8224)
   defining Unicode char U+2021 (decimal 8225)
   defining Unicode char U+2022 (decimal 8226)
   defining Unicode char U+2030 (decimal 8240)
   defining Unicode char U+2031 (decimal 8241)
   defining Unicode char U+203B (decimal 8251)
   defining Unicode char U+203D (decimal 8253)
   defining Unicode char U+2044 (decimal 8260)
   defining Unicode char U+204E (decimal 8270)
   defining Unicode char U+2052 (decimal 8274)
   defining Unicode char U+20A1 (decimal 8353)
   defining Unicode char U+20A4 (decimal 8356)
   defining Unicode char U+20A6 (decimal 8358)
   defining Unicode char U+20A9 (decimal 8361)
   defining Unicode char U+20AB (decimal 8363)
   defining Unicode char U+20AC (decimal 8364)
   defining Unicode char U+20B1 (decimal 8369)
   defining Unicode char U+2103 (decimal 8451)
   defining Unicode char U+2116 (decimal 8470)
   defining Unicode char U+2117 (decimal 8471)
   defining Unicode char U+211E (decimal 8478)
   defining Unicode char U+2120 (decimal 8480)
   defining Unicode char U+2122 (decimal 8482)
   defining Unicode char U+2126 (decimal 8486)
   defining Unicode char U+2127 (decimal 8487)
   defining Unicode char U+212E (decimal 8494)
   defining Unicode char U+2190 (decimal 8592)
   defining Unicode char U+2191 (decimal 8593)
   defining Unicode char U+2192 (decimal 8594)
   defining Unicode char U+2193 (decimal 8595)
   defining Unicode char U+2329 (decimal 9001)
   defining Unicode char U+232A (decimal 9002)
   defining Unicode char U+2422 (decimal 9250)
   defining Unicode char U+25E6 (decimal 9702)
   defining Unicode char U+25EF (decimal 9711)
   defining Unicode char U+266A (decimal 9834)
   defining Unicode char U+FEFF (decimal 65279)
))
LaTeX Info: Redefining \oldstylenums on input line 334.
Package textcomp Info: Setting cmr sub-encoding to TS1/0 on input line 349.
Package textcomp Info: Setting cmss sub-encoding to TS1/0 on input line 350.
Package textcomp Info: Setting cmtt sub-encoding to TS1/0 on input line 351.
Package textcomp Info: Setting cmvtt sub-encoding to TS1/0 on input line 352.
Package textcomp Info: Setting cmbr sub-encoding to TS1/0 on input line 353.
Package textcomp Info: Setting cmtl sub-encoding to TS1/0 on input line 354.
Package textcomp Info: Setting ccr sub-encoding to TS1/0 on input line 355.
Package textcomp Info: Setting ptm sub-encoding to TS1/4 on input line 356.
Package textcomp Info: Setting pcr sub-encoding to TS1/4 on input line 357.
Package textcomp Info: Setting phv sub-encoding to TS1/4 on input line 358.
Package textcomp Info: Setting ppl sub-encoding to TS1/3 on input line 359.
Package textcomp Info: Setting pag sub-encoding to TS1/4 on input line 360.
Package textcomp Info: Setting pbk sub-encoding to TS1/4 on input line 361.
Package textcomp Info: Setting pnc sub-encoding to TS1/4 on input line 362.
Package textcomp Info: Setting pzc sub-encoding to TS1/4 on input line 363.
Package textcomp Info: Setting bch sub-encoding to TS1/4 on input line 364.
Package textcomp Info: Setting put sub-encoding to TS1/5 on input line 365.
Package textcomp Info: Setting uag sub-encoding to TS1/5 on input line 366.
Package textcomp Info: Setting ugq sub-encoding to TS1/5 on input line 367.
Package textcomp Info: Setting ul8 sub-encoding to TS1/4 on input line 368.
Package textcomp Info: Setting ul9 sub-encoding to TS1/4 on input line 369.
Package textcomp Info: Setting augie sub-encoding to TS1/5 on input line 370.
Package textcomp Info: Setting dayrom sub-encoding to TS1/3 on input line 371.
Package textcomp Info: Setting dayroms sub-encoding to TS1/3 on input line 372.

Package textcomp Info: Setting pxr sub-encoding to TS1/0 on input line 373.
Package textcomp Info: Setting pxss sub-encoding to TS1/0 on input line 374.
Package textcomp Info: Setting pxtt sub-encoding to TS1/0 on input line 375.
Package textcomp Info: Setting txr sub-encoding to TS1/0 on input line 376.
Package textcomp Info: Setting txss sub-encoding to TS1/0 on input line 377.
Package textcomp Info: Setting txtt sub-encoding to TS1/0 on input line 378.
Package textcomp Info: Setting lmr sub-encoding to TS1/0 on input line 379.
Package textcomp Info: Setting lmdh sub-encoding to TS1/0 on input line 380.
Package textcomp Info: Setting lmss sub-encoding to TS1/0 on input line 381.
Package textcomp Info: Setting lmssq sub-encoding to TS1/0 on input line 382.
Package textcomp Info: Setting lmvtt sub-encoding to TS1/0 on input line 383.
Package textcomp Info: Setting lmtt sub-encoding to TS1/0 on input line 384.
Package textcomp Info: Setting qhv sub-encoding to TS1/0 on input line 385.
Package textcomp Info: Setting qag sub-encoding to TS1/0 on input line 386.
Package textcomp Info: Setting qbk sub-encoding to TS1/0 on input line 387.
Package textcomp Info: Setting qcr sub-encoding to TS1/0 on input line 388.
Package textcomp Info: Setting qcs sub-encoding to TS1/0 on input line 389.
Package textcomp Info: Setting qpl sub-encoding to TS1/0 on input line 390.
Package textcomp Info: Setting qtm sub-encoding to TS1/0 on input line 391.
Package textcomp Info: Setting qzc sub-encoding to TS1/0 on input line 392.
Package textcomp Info: Setting qhvc sub-encoding to TS1/0 on input line 393.
Package textcomp Info: Setting futs sub-encoding to TS1/4 on input line 394.
Package textcomp Info: Setting futx sub-encoding to TS1/4 on input line 395.
Package textcomp Info: Setting futj sub-encoding to TS1/4 on input line 396.
Package textcomp Info: Setting hlh sub-encoding to TS1/3 on input line 397.
Package textcomp Info: Setting hls sub-encoding to TS1/3 on input line 398.
Package textcomp Info: Setting hlst sub-encoding to TS1/3 on input line 399.
Package textcomp Info: Setting hlct sub-encoding to TS1/5 on input line 400.
Package textcomp Info: Setting hlx sub-encoding to TS1/5 on input line 401.
Package textcomp Info: Setting hlce sub-encoding to TS1/5 on input line 402.
Package textcomp Info: Setting hlcn sub-encoding to TS1/5 on input line 403.
Package textcomp Info: Setting hlcw sub-encoding to TS1/5 on input line 404.
Package textcomp Info: Setting hlcf sub-encoding to TS1/5 on input line 405.
Package textcomp Info: Setting pplx sub-encoding to TS1/3 on input line 406.
Package textcomp Info: Setting pplj sub-encoding to TS1/3 on input line 407.
Package textcomp Info: Setting ptmx sub-encoding to TS1/4 on input line 408.
Package textcomp Info: Setting ptmj sub-encoding to TS1/4 on input line 409.
)
(c:/Users/Andi.Stephens/AppData/Roaming/TinyTeX/texmf-dist/tex/latex/oberdiek/p
dflscape.sty
Package: pdflscape 2016/05/14 v0.11 Display of landscape pages in PDF (HO)

(c:/Users/Andi.Stephens/AppData/Roaming/TinyTeX/texmf-dist/tex/latex/graphics/l
scape.sty
Package: lscape 2000/10/22 v3.01 Landscape Pages (DPC)
)
Package pdflscape Info: Auto-detected driver: pdftex on input line 81.
)
(c:/Users/Andi.Stephens/AppData/Roaming/TinyTeX/texmf-dist/tex/latex/cmap/cmap.
sty
Package: cmap 2008/03/06 v1.0h CMap support: searchable PDF
)
(c:/Users/Andi.Stephens/AppData/Roaming/TinyTeX/texmf-dist/tex/latex/pdfcomment
/pdfcomment.sty
Package: pdfcomment 2018/11/01 pdfcomment.sty v2.4a - Josef Kleber (C) 2008-201
2, 2015-2016, 2018

(c:/Users/Andi.Stephens/AppData/Roaming/TinyTeX/texmf-dist/tex/latex/xkeyval/xk
eyval.sty
Package: xkeyval 2014/12/03 v2.7a package option processing (HA)

(c:/Users/Andi.Stephens/AppData/Roaming/TinyTeX/texmf-dist/tex/generic/xkeyval/
xkeyval.tex
(c:/Users/Andi.Stephens/AppData/Roaming/TinyTeX/texmf-dist/tex/generic/xkeyval/
xkvutils.tex
\XKV@toks=\toks40
\XKV@tempa@toks=\toks41
)
\XKV@depth=\count137
File: xkeyval.tex 2014/12/03 v2.7a key=value parser (HA)
))
\c@pc@count@i=\count138
\c@pc@count@ii=\count139
\c@pc@count@iii=\count140
\c@pc@count@iv=\count141
\pc@mathannot@box=\box42
\pc@nullbox=\box43
\pc@dima=\skip62
\pc@dimb=\skip63
\pc@Sposx=\skip64
\pc@Sposy=\skip65
\pc@Eposx=\skip66
\pc@Eposy=\skip67
\pc@column=\skip68
\pc@box@width=\skip69
\pc@box@height=\skip70
\pc@box@depth=\skip71

(c:/Users/Andi.Stephens/AppData/Roaming/TinyTeX/texmf-dist/tex/latex/etoolbox/e
toolbox.sty
Package: etoolbox 2018/08/19 v2.5f e-TeX tools for LaTeX (JAW)
\etb@tempcnta=\count142
)
(c:/Users/Andi.Stephens/AppData/Roaming/TinyTeX/texmf-dist/tex/latex/datetime2/
datetime2.sty
Package: datetime2 2018/07/20 v1.5.3 (NLCT) date and time formats

(c:/Users/Andi.Stephens/AppData/Roaming/TinyTeX/texmf-dist/tex/latex/tracklang/
tracklang.sty
Package: tracklang 2018/05/13 v1.3.6 (NLCT) Track Languages

(c:/Users/Andi.Stephens/AppData/Roaming/TinyTeX/texmf-dist/tex/generic/tracklan
g/tracklang.tex)))
(c:/Users/Andi.Stephens/AppData/Roaming/TinyTeX/texmf-dist/tex/latex/oberdiek/z
ref-savepos.sty
Package: zref-savepos 2018/11/21 v2.27 Module savepos for zref (HO)

(c:/Users/Andi.Stephens/AppData/Roaming/TinyTeX/texmf-dist/tex/latex/oberdiek/z
ref-base.sty
Package: zref-base 2018/11/21 v2.27 Module base for zref (HO)
Package zref Info: New property list: main on input line 759.
Package zref Info: New property: default on input line 760.
Package zref Info: New property: page on input line 761.
)
Package zref Info: New property list: savepos on input line 80.
Package zref Info: New property: posx on input line 81.
Package zref Info: New property: posy on input line 82.
)
\c@zref@unique=\count143

(c:/Users/Andi.Stephens/AppData/Roaming/TinyTeX/texmf-dist/tex/latex/tools/calc
.sty
Package: calc 2017/05/25 v4.3 Infix arithmetic (KKT,FJ)
\calc@Acount=\count144
\calc@Bcount=\count145
\calc@Adimen=\dimen159
\calc@Bdimen=\dimen160
\calc@Askip=\skip72
\calc@Bskip=\skip73
LaTeX Info: Redefining \setlength on input line 80.
LaTeX Info: Redefining \addtolength on input line 81.
\calc@Ccount=\count146
\calc@Cskip=\skip74
)
(c:/Users/Andi.Stephens/AppData/Roaming/TinyTeX/texmf-dist/tex/latex/marginnote
/marginnote.sty
Package: marginnote 2018/08/09 v1.4b non floating margin notes for LaTeX
\c@mn@abspage=\count147
)
(c:/Users/Andi.Stephens/AppData/Roaming/TinyTeX/texmf-dist/tex/latex/bezos/soul
pos.sty
Package: soulpos 2012/02/25 v1.1 Fancy underlining
\ulp@subcnt=\count148
\ulp@cnt=\count149
\ulp@out=\write4
\ulp@in=\read3
\ulwidth=\dimen161
)

Package hyperref Warning: Option `pdftex' has already been used,
(hyperref)                setting the option has no effect on input line 1369.

Package zref Info: New property list: pdfcomment on input line 2735.
Package zref Info: New property: PCPDFOBJID on input line 2736.
)
(c:/Users/Andi.Stephens/AppData/Roaming/TinyTeX/texmf-dist/tex/latex/nag/nag.st
y
Package: nag 2011/11/25 0.7 warning about old commands (ulmi)
\c@nag@c=\count150
\c@nag@sins=\count151
Package nag Info: Loaded nag-l2tabu.cfg  on input line 552.

(c:/Users/Andi.Stephens/AppData/Roaming/TinyTeX/texmf-dist/tex/latex/nag/nag-l2
tabu.cfg
File: nag-l2tabu.cfg 2010/05/17 v2.11 l2tabu rules for nag.sty (ulmi)
)
Package nag Info: Loaded nag-orthodox.cfg  on input line 552.

(c:/Users/Andi.Stephens/AppData/Roaming/TinyTeX/texmf-dist/tex/latex/nag/nag-or
thodox.cfg
File: nag-orthodox.cfg 2006/04/19 v1.8 strict rules for nag.sty (ulmi)
))
(c:/Users/Andi.Stephens/AppData/Roaming/TinyTeX/texmf-dist/tex/latex/booktabs/b
ooktabs.sty
Package: booktabs 2016/04/27 v1.618033 publication quality tables
\heavyrulewidth=\dimen162
\lightrulewidth=\dimen163
\cmidrulewidth=\dimen164
\belowrulesep=\dimen165
\belowbottomsep=\dimen166
\aboverulesep=\dimen167
\abovetopsep=\dimen168
\cmidrulesep=\dimen169
\cmidrulekern=\dimen170
\defaultaddspace=\dimen171
\@cmidla=\count152
\@cmidlb=\count153
\@aboverulesep=\dimen172
\@belowrulesep=\dimen173
\@thisruleclass=\count154
\@lastruleclass=\count155
\@thisrulewidth=\dimen174
) (./Big_Skate_2019.aux

LaTeX Warning: Label `tab:Timeseries_mod1' multiply defined.


LaTeX Warning: Label `tab:Timeseries_mod1' multiply defined.


LaTeX Warning: Label `tab:Timeseries_mod1' multiply defined.


LaTeX Warning: Label `tab:Timeseries_mod1' multiply defined.


LaTeX Warning: Label `fig:VAST_Yearly_Dens_Triennial' multiply defined.


LaTeX Warning: Label `fig:age_dat_fishery' multiply defined.


LaTeX Warning: Label `fig:growth' multiply defined.


LaTeX Warning: Label `fig:profile_logR0' multiply defined.

)
\openout1 = `Big_Skate_2019.aux'.

LaTeX Font Info:    Checking defaults for OML/cmm/m/it on input line 130.
LaTeX Font Info:    ... okay on input line 130.
LaTeX Font Info:    Checking defaults for T1/cmr/m/n on input line 130.
LaTeX Font Info:    ... okay on input line 130.
LaTeX Font Info:    Checking defaults for OT1/cmr/m/n on input line 130.
LaTeX Font Info:    ... okay on input line 130.
LaTeX Font Info:    Checking defaults for OMS/cmsy/m/n on input line 130.
LaTeX Font Info:    ... okay on input line 130.
LaTeX Font Info:    Checking defaults for OMX/cmex/m/n on input line 130.
LaTeX Font Info:    ... okay on input line 130.
LaTeX Font Info:    Checking defaults for U/cmr/m/n on input line 130.
LaTeX Font Info:    ... okay on input line 130.
LaTeX Font Info:    Checking defaults for PD1/pdf/m/n on input line 130.
LaTeX Font Info:    ... okay on input line 130.
LaTeX Font Info:    Checking defaults for PU/pdf/m/n on input line 130.
LaTeX Font Info:    ... okay on input line 130.
LaTeX Font Info:    Checking defaults for TS1/cmr/m/n on input line 130.
LaTeX Font Info:    Try loading font information for TS1+cmr on input line 130.


(c:/Users/Andi.Stephens/AppData/Roaming/TinyTeX/texmf-dist/tex/latex/base/ts1cm
r.fd
File: ts1cmr.fd 2014/09/29 v2.5h Standard LaTeX font definitions
)
LaTeX Font Info:    ... okay on input line 130.
*geometry* driver: auto-detecting
*geometry* detected driver: pdftex
*geometry* verbose mode - [ preamble ] result:
* driver: pdftex
* paper: <default>
* layout: <same size as paper>
* layoutoffset:(h,v)=(0.0pt,0.0pt)
* modes: 
* h-part:(L,W,R)=(72.26999pt, 469.75502pt, 72.26999pt)
* v-part:(T,H,B)=(72.26999pt, 650.43001pt, 72.26999pt)
* \paperwidth=614.295pt
* \paperheight=794.96999pt
* \textwidth=469.75502pt
* \textheight=650.43001pt
* \oddsidemargin=0.0pt
* \evensidemargin=0.0pt
* \topmargin=-37.0pt
* \headheight=12.0pt
* \headsep=25.0pt
* \topskip=12.0pt
* \footskip=30.0pt
* \marginparwidth=44.0pt
* \marginparsep=10.0pt
* \columnsep=10.0pt
* \skip\footins=10.8pt plus 4.0pt minus 2.0pt
* \hoffset=0.0pt
* \voffset=0.0pt
* \mag=1000
* \@twocolumnfalse
* \@twosidefalse
* \@mparswitchfalse
* \@reversemarginfalse
* (1in=72.27pt=25.4mm, 1cm=28.453pt)

\AtBeginShipoutBox=\box44
Package hyperref Info: Link coloring ON on input line 130.

(c:/Users/Andi.Stephens/AppData/Roaming/TinyTeX/texmf-dist/tex/latex/hyperref/n
ameref.sty
Package: nameref 2016/05/21 v2.44 Cross-referencing by name of section

(c:/Users/Andi.Stephens/AppData/Roaming/TinyTeX/texmf-dist/tex/generic/oberdiek
/gettitlestring.sty
Package: gettitlestring 2016/05/16 v1.5 Cleanup title references (HO)
)
\c@section@level=\count156
)
LaTeX Info: Redefining \ref on input line 130.
LaTeX Info: Redefining \pageref on input line 130.
LaTeX Info: Redefining \nameref on input line 130.
(./Big_Skate_2019.out) (./Big_Skate_2019.out)
\@outlinefile=\write5
\openout5 = `Big_Skate_2019.out'.


(c:/Users/Andi.Stephens/AppData/Roaming/TinyTeX/texmf-dist/tex/latex/oberdiek/e
pstopdf-base.sty
Package: epstopdf-base 2016/05/15 v2.6 Base part for package epstopdf

(c:/Users/Andi.Stephens/AppData/Roaming/TinyTeX/texmf-dist/tex/latex/oberdiek/g
rfext.sty
Package: grfext 2016/05/16 v1.2 Manage graphics extensions (HO)
)
Package epstopdf-base Info: Redefining graphics rule for `.eps' on input line 4
38.
Package grfext Info: Graphics extension search list:
(grfext)             [.pdf,.png,.jpg,.mps,.jpeg,.jbig2,.jb2,.PDF,.PNG,.JPG,.JPE
G,.JBIG2,.JB2,.eps]
(grfext)             \AppendGraphicsExtensions on input line 456.

(c:/Users/Andi.Stephens/AppData/Roaming/TinyTeX/texmf-dist/tex/latex/latexconfi
g/epstopdf-sys.cfg
File: epstopdf-sys.cfg 2010/07/13 v1.3 Configuration of (r)epstopdf for TeX Liv
e
))
Package caption Info: Begin \AtBeginDocument code.
Package caption Info: float package is loaded.
Package caption Info: longtable package is loaded.

(c:/Users/Andi.Stephens/AppData/Roaming/TinyTeX/texmf-dist/tex/latex/caption/lt
caption.sty
Package: ltcaption 2018/08/26 v1.4-95 longtable captions (AR)
)
Package caption Info: rotating package is loaded.
Package caption Info: End \AtBeginDocument code.
Package nag Info: Command \frontmatter not defined, skipping amendment on input
 line 130.
Package nag Info: Command \mainmatter not defined, skipping amendment on input 
line 130.
Package nag Info: Command \backmatter not defined, skipping amendment on input 
line 130.
Package nag Info: Command \RaggedLeft not defined, skipping amendment on input 
line 130.
Package nag Info: Command \RaggedRight not defined, skipping amendment on input
 line 130.
Package nag Info: Command \captionabove not defined, skipping amendment on inpu
t line 130.
Package nag Info: Command \captionbelow not defined, skipping amendment on inpu
t line 130.
Package nag Info: Command \hc@caption not defined, skipping amendment on input 
line 130.
Package nag Info: Command \topcaption not defined, skipping amendment on input 
line 130.
<<ot1.cmap>>
<cover_photo.png, id=338, 226.2051pt x 174.4116pt>
File: cover_photo.png Graphic file (type png)
<use cover_photo.png>
Package pdftex.def Info: cover_photo.png  used on input line 140.
(pdftex.def)             Requested size: 226.20453pt x 174.41118pt.
File: cover_photo.png Graphic file (type png)
<use cover_photo.png>
Package pdftex.def Info: cover_photo.png  used on input line 140.
(pdftex.def)             Requested size: 226.20453pt x 174.41118pt.
File: cover_photo.png Graphic file (type png)
<use cover_photo.png>
Package pdftex.def Info: cover_photo.png  used on input line 140.
(pdftex.def)             Requested size: 226.20453pt x 174.41118pt.
File: cover_photo.png Graphic file (type png)
<use cover_photo.png>
Package pdftex.def Info: cover_photo.png  used on input line 140.
(pdftex.def)             Requested size: 226.20453pt x 174.41118pt.
LaTeX Font Info:    Try loading font information for U+msa on input line 144.

(c:/Users/Andi.Stephens/AppData/Roaming/TinyTeX/texmf-dist/tex/latex/amsfonts/u
msa.fd
File: umsa.fd 2013/01/14 v3.01 AMS symbols A
)
LaTeX Font Info:    Try loading font information for U+msb on input line 144.

(c:/Users/Andi.Stephens/AppData/Roaming/TinyTeX/texmf-dist/tex/latex/amsfonts/u
msb.fd
File: umsb.fd 2013/01/14 v3.01 AMS symbols B
) [1

\openout4 = `Big_Skate_2019.upa'.

{c:/Users/Andi.Stephens/AppData/Roaming/TinyTeX/texmf-var/fonts/map/pdftex/updm
ap/pdftex.map} <./cover_photo.png>] [2]

Package nag Warning: table with no \caption on input line 231.

[3] (./Big_Skate_2019.toc [1]
Package marginnote Info: Using workaround for absolute page number on input lin
e 27.
[2] [3])
\tf@toc=\write6
\openout6 = `Big_Skate_2019.toc'.

[4]

Package nag Warning: There is no environment ``centering''.
(nag)                Maybe you want a grouped \centering  on input line 268.

<Figures/assess_region_map.png, id=466, 352.26463pt x 433.62pt>
File: Figures/assess_region_map.png Graphic file (type png)
<use Figures/assess_region_map.png>
Package pdftex.def Info: Figures/assess_region_map.png  used on input line 269.

(pdftex.def)             Requested size: 352.2745pt x 433.63217pt.
pdfTeX warning (ext4): destination with the same identifier (name{page.1}) has 
been already used, duplicate ignored
<to be read again> 
                   \relax 
l.275 \subsection*{Catches}\label{catches}}
                                            [1 <./Figures/assess_region_map.png
>]
<r4ss/plots_mod1/catch2 landings stacked.png, id=475, 469.755pt x 361.35pt>
File: r4ss/plots_mod1/catch2 landings stacked.png Graphic file (type png)
<use r4ss/plots_mod1/catch2 landings stacked.png>
Package pdftex.def Info: r4ss/plots_mod1/catch2 landings stacked.png  used on i
nput line 321.
(pdftex.def)             Requested size: 469.75386pt x 361.34912pt.
pdfTeX warning (ext4): destination with the same identifier (name{page.2}) has 
been already used, duplicate ignored
<to be read again> 
                   \relax 
l.326 \FloatBarrier
                    [2]pdfTeX warning (ext4): destination with the same identif
ier (name{page.3}) has been already used, duplicate ignored
<to be read again> 
                   \relax 
l.326 \FloatBarrier
                    [3 <./r4ss/plots_mod1/catch2 landings stacked.png>] [4]

LaTeX Warning: Reference `fig:RelDeplete_all' on page 5 undefined on input line
 403.

<r4ss/plots_mod1/ts7_Spawning_biomass_(mt)_with_95_asymptotic_intervals_interva
ls.png, id=492, 469.755pt x 361.35pt>
File: r4ss/plots_mod1/ts7_Spawning_biomass_(mt)_with_95_asymptotic_intervals_in
tervals.png Graphic file (type png)
<use r4ss/plots_mod1/ts7_Spawning_biomass_(mt)_with_95_asymptotic_intervals_int
ervals.png>
Package pdftex.def Info: r4ss/plots_mod1/ts7_Spawning_biomass_(mt)_with_95_asym
ptotic_intervals_intervals.png  used on input line 443.
(pdftex.def)             Requested size: 469.75386pt x 361.34912pt.
[5] [6 <./r4ss/plots_mod1/ts7_Spawning_biomass_(mt)_with_95_asymptotic_interval
s_intervals.png>]
<r4ss/plots_mod1/ts11_Age-0_recruits_(1000s)_with_95_asymptotic_intervals.png, 
id=510, 469.755pt x 361.35pt>
File: r4ss/plots_mod1/ts11_Age-0_recruits_(1000s)_with_95_asymptotic_intervals.
png Graphic file (type png)
<use r4ss/plots_mod1/ts11_Age-0_recruits_(1000s)_with_95_asymptotic_intervals.p
ng>
Package pdftex.def Info: r4ss/plots_mod1/ts11_Age-0_recruits_(1000s)_with_95_as
ymptotic_intervals.png  used on input line 488.
(pdftex.def)             Requested size: 469.75386pt x 361.34912pt.
[7] [8 <./r4ss/plots_mod1/ts11_Age-0_recruits_(1000s)_with_95_asymptotic_interv
als.png>]
<r4ss/plots_mod1/SPR2_minusSPRseries.png, id=525, 469.755pt x 361.35pt>
File: r4ss/plots_mod1/SPR2_minusSPRseries.png Graphic file (type png)
<use r4ss/plots_mod1/SPR2_minusSPRseries.png>
Package pdftex.def Info: r4ss/plots_mod1/SPR2_minusSPRseries.png  used on input
 line 537.
(pdftex.def)             Requested size: 469.75386pt x 361.34912pt.
[9] [10 <./r4ss/plots_mod1/SPR2_minusSPRseries.png>]
Overfull \hbox (7.6013pt too wide) in paragraph at lines 576--576
 []\OT1/cmr/bx/n/12 Estimate
 []


Overfull \hbox (8.97353pt too wide) in paragraph at lines 574--601
 [][] 
 []

[11] [12]
Overfull \hbox (29.84216pt too wide) in paragraph at lines 681--682
[]$[][]$[] 
 []


Overfull \hbox (1.03334pt too wide) in paragraph at lines 786--787
 [][] 
 []

[13] [14]
*geometry* verbose mode - [ newgeometry ] result:
* driver: pdftex
* paper: <default>
* layout: <same size as paper>
* layoutoffset:(h,v)=(0.0pt,0.0pt)
* modes: 
* h-part:(L,W,R)=(72.26999pt, 469.75502pt, 72.26999pt)
* v-part:(T,H,B)=(72.26999pt, 650.43001pt, 72.26999pt)
* \paperwidth=614.295pt
* \paperheight=794.96999pt
* \textwidth=469.75502pt
* \textheight=650.43001pt
* \oddsidemargin=0.0pt
* \evensidemargin=0.0pt
* \topmargin=-37.0pt
* \headheight=12.0pt
* \headsep=25.0pt
* \topskip=12.0pt
* \footskip=30.0pt
* \marginparwidth=44.0pt
* \marginparsep=10.0pt
* \columnsep=10.0pt
* \skip\footins=10.8pt plus 4.0pt minus 2.0pt
* \hoffset=0.0pt
* \voffset=0.0pt
* \mag=1000
* \@twocolumnfalse
* \@twosidefalse
* \@mparswitchfalse
* \@reversemarginfalse
* (1in=72.27pt=25.4mm, 1cm=28.453pt)

[15



]
<r4ss/plots_mod1/yield1_yield_curve.png, id=576, 469.755pt x 361.35pt>
File: r4ss/plots_mod1/yield1_yield_curve.png Graphic file (type png)
<use r4ss/plots_mod1/yield1_yield_curve.png>
Package pdftex.def Info: r4ss/plots_mod1/yield1_yield_curve.png  used on input 
line 832.
(pdftex.def)             Requested size: 469.75386pt x 361.34912pt.
[16 <./r4ss/plots_mod1/yield1_yield_curve.png>] [17



]
LaTeX Font Info:    Try loading font information for OML+cmr on input line 923.


(c:/Users/Andi.Stephens/AppData/Roaming/TinyTeX/texmf-dist/tex/latex/base/omlcm
r.fd
File: omlcmr.fd 2014/09/29 v2.5h Standard LaTeX font definitions
)
LaTeX Font Info:    Font shape `OML/cmr/m/n' in size <12> not available
(Font)              Font shape `OML/cmm/m/it' tried instead on input line 923.
[18]
Underfull \hbox (badness 1097) in paragraph at lines 1019--1036
[]\OT1/cmr/m/n/12 Big Skates are highly mo-bile and ca-pa-ble of long range (\O
ML/cmm/m/it/12 > \OT1/cmr/m/n/12 2000 km) move-ments
 []

[19] [20] [21] [22] [23] [24] [25] [26]

LaTeX Warning: Reference `fig:discard_calculations.png' on page 27 undefined on
 input line 1448.

[27] [28] [29] [30]

Package nag Warning: There is no environment ``centering''.
(nag)                Maybe you want a grouped \centering  on input line 1645.


Package nag Warning: There is no environment ``centering''.
(nag)                Maybe you want a grouped \centering  on input line 1675.

[31] [32] [33] [34] [35] [36]
Underfull \hbox (badness 10000) in paragraph at lines 1992--1993

 []


Underfull \hbox (badness 10000) in paragraph at lines 1999--2000

 []


Underfull \hbox (badness 10000) in paragraph at lines 2008--2009

 []


Underfull \hbox (badness 10000) in paragraph at lines 2015--2016

 []

[37]
Underfull \hbox (badness 10000) in paragraph at lines 2023--2024

 []

[38] [39] [40]
LaTeX Font Info:    Try loading font information for OMS+cmr on input line 2251
.

(c:/Users/Andi.Stephens/AppData/Roaming/TinyTeX/texmf-dist/tex/latex/base/omscm
r.fd
File: omscmr.fd 2014/09/29 v2.5h Standard LaTeX font definitions
)
LaTeX Font Info:    Font shape `OMS/cmr/m/n' in size <12> not available
(Font)              Font shape `OMS/cmsy/m/n' tried instead on input line 2251.

[41] [42] [43] [44] [45] [46] [47]
Underfull \vbox (badness 10000) detected at line 2505
 []

[48] [49] [50]
Overfull \hbox (1.026pt too wide) in paragraph at lines 2618--2618
 []\OT1/cmr/m/n/12 14349.00 
 []


Overfull \hbox (1.026pt too wide) in paragraph at lines 2619--2619
 []\OT1/cmr/m/n/12 12122.52 
 []


Overfull \hbox (1.026pt too wide) in paragraph at lines 2623--2623
 []\OT1/cmr/m/n/12 10721.30 
 []


Overfull \hbox (1.026pt too wide) in paragraph at lines 2624--2624
 []\OT1/cmr/m/n/12 11475.29 
 []


Overfull \hbox (1.026pt too wide) in paragraph at lines 2626--2626
 []\OT1/cmr/m/n/12 11593.79 
 []


Overfull \hbox (1.026pt too wide) in paragraph at lines 2627--2627
 []\OT1/cmr/m/n/12 11521.85 
 []


Overfull \hbox (1.026pt too wide) in paragraph at lines 2628--2628
 []\OT1/cmr/m/n/12 19855.79 
 []


Overfull \hbox (1.026pt too wide) in paragraph at lines 2629--2629
 []\OT1/cmr/m/n/12 19251.41 
 []


Overfull \hbox (1.026pt too wide) in paragraph at lines 2630--2630
 []\OT1/cmr/m/n/12 17141.95 
 []


Overfull \hbox (1.026pt too wide) in paragraph at lines 2631--2631
 []\OT1/cmr/m/n/12 13237.37 
 []


Overfull \hbox (1.026pt too wide) in paragraph at lines 2632--2632
 []\OT1/cmr/m/n/12 14568.79 
 []

[51] [52] [53


]
Overfull \hbox (5.92178pt too wide) in paragraph at lines 2753--2753
 []\OT1/cmr/m/n/12 Spawning 
 []


Overfull \hbox (11.20506pt too wide) in paragraph at lines 2753--2753
 []\OT1/cmr/m/n/12 %Unfished 
 []


Overfull \hbox (5.92178pt too wide) in paragraph at lines 2756--2756
 []\OT1/cmr/m/n/12 Spawning 
 []


Underfull \vbox (badness 10000) detected at line 2779
 []

[54] [55] [56]
Underfull \vbox (badness 10000) detected at line 2906
 []


Overfull \hbox (1.59451pt too wide) in paragraph at lines 2942--2942
[]\OT1/cmr/m/n/12 Size[]DblN[]descend[]se[]WCGBTS(5)
 []


Underfull \hbox (badness 10000) in paragraph at lines 2942--2942

 []

[57

] [58] [59] [60] [61


] [62] [63] [64





]
Overfull \hbox (5.92178pt too wide) in paragraph at lines 3166--3166
 []\OT1/cmr/m/n/12 Spawning 
 []


Overfull \hbox (11.20506pt too wide) in paragraph at lines 3166--3166
 []\OT1/cmr/m/n/12 %Unfished 
 []


Overfull \hbox (5.92178pt too wide) in paragraph at lines 3169--3169
 []\OT1/cmr/m/n/12 Spawning 
 []


Underfull \vbox (badness 10000) detected at line 3192
 []

[65] [66] [67] [68]

Package nag Warning: There is no environment ``centering''.
(nag)                Maybe you want a grouped \centering  on input line 3291.

<r4ss/plots_mod1/data_plot.png, id=1152, 469.755pt x 361.35pt>
File: r4ss/plots_mod1/data_plot.png Graphic file (type png)
<use r4ss/plots_mod1/data_plot.png>
Package pdftex.def Info: r4ss/plots_mod1/data_plot.png  used on input line 3292
.
(pdftex.def)             Requested size: 469.75386pt x 361.34912pt.

Package nag Warning: There is no environment ``centering''.
(nag)                Maybe you want a grouped \centering  on input line 3293.

[69 <./r4ss/plots_mod1/data_plot.png>]

Package nag Warning: There is no environment ``centering''.
(nag)                Maybe you want a grouped \centering  on input line 3304.

<Figures/survey_hauls_map.png, id=1160, 578.16pt x 469.755pt>
File: Figures/survey_hauls_map.png Graphic file (type png)
<use Figures/survey_hauls_map.png>
Package pdftex.def Info: Figures/survey_hauls_map.png  used on input line 3305.

(pdftex.def)             Requested size: 469.75385pt x 381.675pt.
[70 <./Figures/survey_hauls_map.png (PNG copy)>]
<Figures/catch_by_source.png, id=1166, 469.755pt x 361.35pt>
File: Figures/catch_by_source.png Graphic file (type png)
<use Figures/catch_by_source.png>
Package pdftex.def Info: Figures/catch_by_source.png  used on input line 3316.
(pdftex.def)             Requested size: 469.75386pt x 361.34912pt.
<Figures/discard_calculations.png, id=1167, 469.755pt x 361.35pt>
File: Figures/discard_calculations.png Graphic file (type png)
<use Figures/discard_calculations.png>
Package pdftex.def Info: Figures/discard_calculations.png  used on input line 3
323.
(pdftex.def)             Requested size: 469.75386pt x 361.34912pt.
File: r4ss/plots_mod1/catch2 landings stacked.png Graphic file (type png)
<use r4ss/plots_mod1/catch2 landings stacked.png>
Package pdftex.def Info: r4ss/plots_mod1/catch2 landings stacked.png  used on i
nput line 3332.
(pdftex.def)             Requested size: 469.75386pt x 361.34912pt.
[71 <./Figures/catch_by_source.png>] [72 <./Figures/discard_calculations.png>] 
[73]
<Figures/VAST_Yearly_Dens_Triennial.png, id=1184, 566.95815pt x 1326.1545pt>
File: Figures/VAST_Yearly_Dens_Triennial.png Graphic file (type png)
<use Figures/VAST_Yearly_Dens_Triennial.png>
Package pdftex.def Info: Figures/VAST_Yearly_Dens_Triennial.png  used on input 
line 3344.
(pdftex.def)             Requested size: 278.07146pt x 650.42847pt.

LaTeX Warning: Float too large for page by 24.49844pt on input line 3347.

<Figures/VAST_Yearly_Dens_WCGBTS.png, id=1185, 1133.9163pt x 1326.1545pt>
File: Figures/VAST_Yearly_Dens_WCGBTS.png Graphic file (type png)
<use Figures/VAST_Yearly_Dens_WCGBTS.png>
Package pdftex.def Info: Figures/VAST_Yearly_Dens_WCGBTS.png  used on input lin
e 3351.
(pdftex.def)             Requested size: 469.7533pt x 549.3928pt.
<Figures/IPHC_BigSkate_map.png, id=1186, 722.7pt x 722.7pt>
File: Figures/IPHC_BigSkate_map.png Graphic file (type png)
<use Figures/IPHC_BigSkate_map.png>
Package pdftex.def Info: Figures/IPHC_BigSkate_map.png  used on input line 3358
.
(pdftex.def)             Requested size: 469.76045pt x 469.76045pt.
[74 <./Figures/VAST_Yearly_Dens_Triennial.png>] [75 <./Figures/VAST_Yearly_Dens
_WCGBTS.png>] [76 <./Figures/IPHC_BigSkate_map.png>]

Package nag Warning: There is no environment ``centering''.
(nag)                Maybe you want a grouped \centering  on input line 3387.

<r4ss/plots_mod1/comp_lendat__aggregated_across_time.png, id=1204, 469.755pt x 
361.35pt>
File: r4ss/plots_mod1/comp_lendat__aggregated_across_time.png Graphic file (typ
e png)
<use r4ss/plots_mod1/comp_lendat__aggregated_across_time.png>
Package pdftex.def Info: r4ss/plots_mod1/comp_lendat__aggregated_across_time.pn
g  used on input line 3388.
(pdftex.def)             Requested size: 469.75386pt x 361.34912pt.

Package nag Warning: There is no environment ``centering''.
(nag)                Maybe you want a grouped \centering  on input line 3389.

<r4ss/plots_mod1/comp_lendat__multi-fleet_comparison.png, id=1205, 469.755pt x 
361.35pt>
File: r4ss/plots_mod1/comp_lendat__multi-fleet_comparison.png Graphic file (typ
e png)
<use r4ss/plots_mod1/comp_lendat__multi-fleet_comparison.png>
Package pdftex.def Info: r4ss/plots_mod1/comp_lendat__multi-fleet_comparison.pn
g  used on input line 3397.
(pdftex.def)             Requested size: 469.75386pt x 361.34912pt.
<r4ss/plots_mod1/comp_condAALdat_bubflt1mkt2.png, id=1206, 469.755pt x 361.35pt
>
File: r4ss/plots_mod1/comp_condAALdat_bubflt1mkt2.png Graphic file (type png)
<use r4ss/plots_mod1/comp_condAALdat_bubflt1mkt2.png>
Package pdftex.def Info: r4ss/plots_mod1/comp_condAALdat_bubflt1mkt2.png  used 
on input line 3405.
(pdftex.def)             Requested size: 469.75386pt x 361.34912pt.
<r4ss/plots_mod1/comp_condAALdat_bubflt5mkt0.png, id=1207, 469.755pt x 361.35pt
>
File: r4ss/plots_mod1/comp_condAALdat_bubflt5mkt0.png Graphic file (type png)
<use r4ss/plots_mod1/comp_condAALdat_bubflt5mkt0.png>
Package pdftex.def Info: r4ss/plots_mod1/comp_condAALdat_bubflt5mkt0.png  used 
on input line 3412.
(pdftex.def)             Requested size: 469.75386pt x 361.34912pt.
<Figures/Reader_1_vs_Reader_2.png, id=1208, 469.755pt x 469.755pt>
File: Figures/Reader_1_vs_Reader_2.png Graphic file (type png)
<use Figures/Reader_1_vs_Reader_2.png>
Package pdftex.def Info: Figures/Reader_1_vs_Reader_2.png  used on input line 3
419.
(pdftex.def)             Requested size: 469.75386pt x 469.75386pt.
<r4ss/plots_mod1/numbers10_ageerror_matrix_1.png, id=1209, 469.755pt x 361.35pt
>
File: r4ss/plots_mod1/numbers10_ageerror_matrix_1.png Graphic file (type png)
<use r4ss/plots_mod1/numbers10_ageerror_matrix_1.png>
Package pdftex.def Info: r4ss/plots_mod1/numbers10_ageerror_matrix_1.png  used 
on input line 3429.
(pdftex.def)             Requested size: 469.75386pt x 361.34912pt.
<Figures/Big Skate bio relationships.png, id=1210, 505.89pt x 289.08pt>
File: Figures/Big Skate bio relationships.png Graphic file (type png)
<use Figures/Big Skate bio relationships.png>
Package pdftex.def Info: Figures/Big Skate bio relationships.png  used on input
 line 3435.
(pdftex.def)             Requested size: 469.76265pt x 268.43579pt.
<Figures/BigSkate_maturity.png, id=1211, 469.755pt x 361.35pt>
File: Figures/BigSkate_maturity.png Graphic file (type png)
<use Figures/BigSkate_maturity.png>
Package pdftex.def Info: Figures/BigSkate_maturity.png  used on input line 3444
.
(pdftex.def)             Requested size: 469.75386pt x 361.34912pt.
[77


 <./r4ss/plots_mod1/comp_lendat__aggregated_across_time.png>] [78 <./r4ss/plots
_mod1/comp_lendat__multi-fleet_comparison.png>] [79 <./r4ss/plots_mod1/comp_con
dAALdat_bubflt1mkt2.png>] [80 <./r4ss/plots_mod1/comp_condAALdat_bubflt5mkt0.pn
g>] [81 <./Figures/Reader_1_vs_Reader_2.png (PNG copy)>] [82 <./r4ss/plots_mod1
/numbers10_ageerror_matrix_1.png>] [83 <./Figures/Big Skate bio relationships.p
ng (PNG copy)>] [84 <./Figures/BigSkate_maturity.png>]
<r4ss/plots_mod1/bio3_sizeatage_plus_WT_and_MAT.png, id=1257, 469.755pt x 361.3
5pt>
File: r4ss/plots_mod1/bio3_sizeatage_plus_WT_and_MAT.png Graphic file (type png
)
<use r4ss/plots_mod1/bio3_sizeatage_plus_WT_and_MAT.png>
Package pdftex.def Info: r4ss/plots_mod1/bio3_sizeatage_plus_WT_and_MAT.png  us
ed on input line 3464.
(pdftex.def)             Requested size: 469.75386pt x 361.34912pt.

Overfull \hbox (187.43634pt too wide) in paragraph at lines 3462--3474
[]\OMS/cmsy/m/n/12 n\OT1/cmr/m/n/12 begin\OMS/cmsy/m/n/12 f\OT1/cmr/m/n/12 figu
re\OMS/cmsy/m/n/12 g\OT1/cmr/m/n/12 [H] \OMS/cmsy/m/n/12 n\OT1/cmr/m/n/12 begin
\OMS/cmsy/m/n/12 f\OT1/cmr/m/n/12 centering\OMS/cmsy/m/n/12 g []
 []

File: r4ss/plots_mod1/bio3_sizeatage_plus_WT_and_MAT.png Graphic file (type png
)
<use r4ss/plots_mod1/bio3_sizeatage_plus_WT_and_MAT.png>
Package pdftex.def Info: r4ss/plots_mod1/bio3_sizeatage_plus_WT_and_MAT.png  us
ed on input line 3479.
(pdftex.def)             Requested size: 469.75386pt x 361.34912pt.
[85

 <./r4ss/plots_mod1/bio3_sizeatage_plus_WT_and_MAT.png>] [86]
<Figures/fit_to_priors.png, id=1268, 469.755pt x 289.08pt>
File: Figures/fit_to_priors.png Graphic file (type png)
<use Figures/fit_to_priors.png>
Package pdftex.def Info: Figures/fit_to_priors.png  used on input line 3494.
(pdftex.def)             Requested size: 469.75386pt x 289.07928pt.
<r4ss/plots_mod1/sel01_multiple_fleets_length1.png, id=1269, 469.755pt x 361.35
pt>
File: r4ss/plots_mod1/sel01_multiple_fleets_length1.png Graphic file (type png)

<use r4ss/plots_mod1/sel01_multiple_fleets_length1.png>
Package pdftex.def Info: r4ss/plots_mod1/sel01_multiple_fleets_length1.png  use
d on input line 3502.
(pdftex.def)             Requested size: 469.75386pt x 361.34912pt.
<r4ss/plots_mod1/sel02_multiple_fleets_age2.png, id=1270, 469.755pt x 361.35pt>

File: r4ss/plots_mod1/sel02_multiple_fleets_age2.png Graphic file (type png)
<use r4ss/plots_mod1/sel02_multiple_fleets_age2.png>
Package pdftex.def Info: r4ss/plots_mod1/sel02_multiple_fleets_age2.png  used o
n input line 3510.
(pdftex.def)             Requested size: 469.75386pt x 361.34912pt.
<r4ss/plots_mod1/sel09_len_flt1sex1.png, id=1271, 469.755pt x 361.35pt>
File: r4ss/plots_mod1/sel09_len_flt1sex1.png Graphic file (type png)
<use r4ss/plots_mod1/sel09_len_flt1sex1.png>
Package pdftex.def Info: r4ss/plots_mod1/sel09_len_flt1sex1.png  used on input 
line 3520.
(pdftex.def)             Requested size: 469.75386pt x 361.34912pt.
<Figures/retention.png, id=1272, 469.755pt x 289.08pt>
File: Figures/retention.png Graphic file (type png)
<use Figures/retention.png>
Package pdftex.def Info: Figures/retention.png  used on input line 3527.
(pdftex.def)             Requested size: 469.75386pt x 289.07928pt.
[87 <./Figures/fit_to_priors.png>] [88 <./r4ss/plots_mod1/sel01_multiple_fleets
_length1.png>] [89 <./r4ss/plots_mod1/sel02_multiple_fleets_age2.png>] [90 <./r
4ss/plots_mod1/sel09_len_flt1sex1.png>] [91 <./Figures/retention.png>]
<r4ss/plots_mod1/index2_cpuefit_WCGBT Survey.png, id=1299, 469.755pt x 361.35pt
>
File: r4ss/plots_mod1/index2_cpuefit_WCGBT Survey.png Graphic file (type png)
<use r4ss/plots_mod1/index2_cpuefit_WCGBT Survey.png>
Package pdftex.def Info: r4ss/plots_mod1/index2_cpuefit_WCGBT Survey.png  used 
on input line 3544.
(pdftex.def)             Requested size: 469.75386pt x 361.34912pt.
<r4ss/plots_mod1/index2_cpuefit_Triennial Survey.png, id=1300, 469.755pt x 361.
35pt>
File: r4ss/plots_mod1/index2_cpuefit_Triennial Survey.png Graphic file (type pn
g)
<use r4ss/plots_mod1/index2_cpuefit_Triennial Survey.png>
Package pdftex.def Info: r4ss/plots_mod1/index2_cpuefit_Triennial Survey.png  u
sed on input line 3554.
(pdftex.def)             Requested size: 469.75386pt x 361.34912pt.
<r4ss/plots_mod1/comp_lenfit__aggregated_across_time.png, id=1301, 469.755pt x 
361.35pt>
File: r4ss/plots_mod1/comp_lenfit__aggregated_across_time.png Graphic file (typ
e png)
<use r4ss/plots_mod1/comp_lenfit__aggregated_across_time.png>
Package pdftex.def Info: r4ss/plots_mod1/comp_lenfit__aggregated_across_time.pn
g  used on input line 3565.
(pdftex.def)             Requested size: 469.75386pt x 361.34912pt.
<r4ss/plots_mod1/comp_lenfit__multi-fleet_comparison.png, id=1302, 469.755pt x 
469.755pt>
File: r4ss/plots_mod1/comp_lenfit__multi-fleet_comparison.png Graphic file (typ
e png)
<use r4ss/plots_mod1/comp_lenfit__multi-fleet_comparison.png>
Package pdftex.def Info: r4ss/plots_mod1/comp_lenfit__multi-fleet_comparison.pn
g  used on input line 3572.
(pdftex.def)             Requested size: 469.75386pt x 469.75386pt.
<r4ss/plots_mod1/comp_condAALfit_residsflt1mkt2.png, id=1303, 469.755pt x 361.3
5pt>
File: r4ss/plots_mod1/comp_condAALfit_residsflt1mkt2.png Graphic file (type png
)
<use r4ss/plots_mod1/comp_condAALfit_residsflt1mkt2.png>
Package pdftex.def Info: r4ss/plots_mod1/comp_condAALfit_residsflt1mkt2.png  us
ed on input line 3582.
(pdftex.def)             Requested size: 469.75386pt x 361.34912pt.
<r4ss/plots_mod1/comp_condAALfit_residsflt5mkt0.png, id=1304, 469.755pt x 361.3
5pt>
File: r4ss/plots_mod1/comp_condAALfit_residsflt5mkt0.png Graphic file (type png
)
<use r4ss/plots_mod1/comp_condAALfit_residsflt5mkt0.png>
Package pdftex.def Info: r4ss/plots_mod1/comp_condAALfit_residsflt5mkt0.png  us
ed on input line 3591.
(pdftex.def)             Requested size: 469.75386pt x 361.34912pt.
<r4ss/plots_mod1/sexratio_len_flt1mkt2.png, id=1305, 469.755pt x 361.35pt>
File: r4ss/plots_mod1/sexratio_len_flt1mkt2.png Graphic file (type png)
<use r4ss/plots_mod1/sexratio_len_flt1mkt2.png>
Package pdftex.def Info: r4ss/plots_mod1/sexratio_len_flt1mkt2.png  used on inp
ut line 3600.
(pdftex.def)             Requested size: 469.75386pt x 361.34912pt.
<r4ss/plots_mod1/sexratio_len_flt5mkt0.png, id=1306, 469.755pt x 361.35pt>
File: r4ss/plots_mod1/sexratio_len_flt5mkt0.png Graphic file (type png)
<use r4ss/plots_mod1/sexratio_len_flt5mkt0.png>
Package pdftex.def Info: r4ss/plots_mod1/sexratio_len_flt5mkt0.png  used on inp
ut line 3609.
(pdftex.def)             Requested size: 469.75386pt x 361.34912pt.
<r4ss/plots_mod1/discard_fitFishery.png, id=1307, 469.755pt x 361.35pt>
File: r4ss/plots_mod1/discard_fitFishery.png Graphic file (type png)
<use r4ss/plots_mod1/discard_fitFishery.png>
Package pdftex.def Info: r4ss/plots_mod1/discard_fitFishery.png  used on input 
line 3618.
(pdftex.def)             Requested size: 469.75386pt x 361.34912pt.
<r4ss/plots_mod1/bodywt_fit_fltFishery.png, id=1308, 469.755pt x 361.35pt>
File: r4ss/plots_mod1/bodywt_fit_fltFishery.png Graphic file (type png)
<use r4ss/plots_mod1/bodywt_fit_fltFishery.png>
Package pdftex.def Info: r4ss/plots_mod1/bodywt_fit_fltFishery.png  used on inp
ut line 3626.
(pdftex.def)             Requested size: 469.75386pt x 361.34912pt.
[92

] [93 <./r4ss/plots_mod1/index2_cpuefit_WCGBT Survey.png>] [94 <./r4ss/plots_mo
d1/index2_cpuefit_Triennial Survey.png>] [95 <./r4ss/plots_mod1/comp_lenfit__ag
gregated_across_time.png>] [96 <./r4ss/plots_mod1/comp_lenfit__multi-fleet_comp
arison.png (PNG copy)>] [97 <./r4ss/plots_mod1/comp_condAALfit_residsflt1mkt2.p
ng>] [98 <./r4ss/plots_mod1/comp_condAALfit_residsflt5mkt0.png>] [99 <./r4ss/pl
ots_mod1/sexratio_len_flt1mkt2.png>] [100 <./r4ss/plots_mod1/sexratio_len_flt5m
kt0.png>] [101 <./r4ss/plots_mod1/discard_fitFishery.png>] [102 <./r4ss/plots_m
od1/bodywt_fit_fltFishery.png>]
File: r4ss/plots_mod1/ts7_Spawning_biomass_(mt)_with_95_asymptotic_intervals_in
tervals.png Graphic file (type png)
<use r4ss/plots_mod1/ts7_Spawning_biomass_(mt)_with_95_asymptotic_intervals_int
ervals.png>
Package pdftex.def Info: r4ss/plots_mod1/ts7_Spawning_biomass_(mt)_with_95_asym
ptotic_intervals_intervals.png  used on input line 3645.
(pdftex.def)             Requested size: 469.75386pt x 361.34912pt.
<r4ss/plots_mod1/ts9_unfished_with_95_asymptotic_intervals_intervals.png, id=13
65, 469.755pt x 361.35pt>
File: r4ss/plots_mod1/ts9_unfished_with_95_asymptotic_intervals_intervals.png G
raphic file (type png)
<use r4ss/plots_mod1/ts9_unfished_with_95_asymptotic_intervals_intervals.png>
Package pdftex.def Info: r4ss/plots_mod1/ts9_unfished_with_95_asymptotic_interv
als_intervals.png  used on input line 3653.
(pdftex.def)             Requested size: 469.75386pt x 361.34912pt.
File: r4ss/plots_mod1/ts11_Age-0_recruits_(1000s)_with_95_asymptotic_intervals.
png Graphic file (type png)
<use r4ss/plots_mod1/ts11_Age-0_recruits_(1000s)_with_95_asymptotic_intervals.p
ng>
Package pdftex.def Info: r4ss/plots_mod1/ts11_Age-0_recruits_(1000s)_with_95_as
ymptotic_intervals.png  used on input line 3661.
(pdftex.def)             Requested size: 469.75386pt x 361.34912pt.
<r4ss/plots_mod1/SR_curve2.png, id=1366, 469.755pt x 361.35pt>
File: r4ss/plots_mod1/SR_curve2.png Graphic file (type png)
<use r4ss/plots_mod1/SR_curve2.png>
Package pdftex.def Info: r4ss/plots_mod1/SR_curve2.png  used on input line 3668
.
(pdftex.def)             Requested size: 469.75386pt x 361.34912pt.
<r4ss/plots_mod1/catch5 total catch (including discards) stacked.png, id=1367, 
469.755pt x 361.35pt>
File: r4ss/plots_mod1/catch5 total catch (including discards) stacked.png Graph
ic file (type png)
<use r4ss/plots_mod1/catch5 total catch (including discards) stacked.png>
Package pdftex.def Info: r4ss/plots_mod1/catch5 total catch (including discards
) stacked.png  used on input line 3675.
(pdftex.def)             Requested size: 469.75386pt x 361.34912pt.
[103] [104] [105 <./r4ss/plots_mod1/ts9_unfished_with_95_asymptotic_intervals_i
ntervals.png>] [106] [107 <./r4ss/plots_mod1/SR_curve2.png (PNG copy)>] [108 <.
/r4ss/plots_mod1/catch5 total catch (including discards) stacked.png>]

Package nag Warning: There is no environment ``centering''.
(nag)                Maybe you want a grouped \centering  on input line 3696.

<Figures/sens.sel_and_Q_compare1_spawnbio.png, id=1401, 469.755pt x 361.35pt>
File: Figures/sens.sel_and_Q_compare1_spawnbio.png Graphic file (type png)
<use Figures/sens.sel_and_Q_compare1_spawnbio.png>
Package pdftex.def Info: Figures/sens.sel_and_Q_compare1_spawnbio.png  used on 
input line 3697.
(pdftex.def)             Requested size: 469.75386pt x 361.34912pt.
[109 <./Figures/sens.sel_and_Q_compare1_spawnbio.png>]
<Figures/sens.catch_compare1_spawnbio.png, id=1408, 469.755pt x 361.35pt>
File: Figures/sens.catch_compare1_spawnbio.png Graphic file (type png)
<use Figures/sens.catch_compare1_spawnbio.png>
Package pdftex.def Info: Figures/sens.catch_compare1_spawnbio.png  used on inpu
t line 3706.
(pdftex.def)             Requested size: 469.75386pt x 361.34912pt.
<Figures/sens.catch_compare11_indices_flt5.png, id=1409, 469.755pt x 361.35pt>
File: Figures/sens.catch_compare11_indices_flt5.png Graphic file (type png)
<use Figures/sens.catch_compare11_indices_flt5.png>
Package pdftex.def Info: Figures/sens.catch_compare11_indices_flt5.png  used on
 input line 3714.
(pdftex.def)             Requested size: 469.75386pt x 361.34912pt.
<Figures/catch_multiplier_catch_comparison.png, id=1410, 469.755pt x 361.35pt>
File: Figures/catch_multiplier_catch_comparison.png Graphic file (type png)
<use Figures/catch_multiplier_catch_comparison.png>
Package pdftex.def Info: Figures/catch_multiplier_catch_comparison.png  used on
 input line 3721.
(pdftex.def)             Requested size: 469.75386pt x 361.34912pt.
<Figures/catch_multiplier_total_catch.png, id=1411, 469.755pt x 361.35pt>
File: Figures/catch_multiplier_total_catch.png Graphic file (type png)
<use Figures/catch_multiplier_total_catch.png>
Package pdftex.def Info: Figures/catch_multiplier_total_catch.png  used on inpu
t line 3731.
(pdftex.def)             Requested size: 469.75386pt x 361.34912pt.
<Figures/sens.bio_and_misc_compare1_spawnbio.png, id=1412, 469.755pt x 361.35pt
>
File: Figures/sens.bio_and_misc_compare1_spawnbio.png Graphic file (type png)
<use Figures/sens.bio_and_misc_compare1_spawnbio.png>
Package pdftex.def Info: Figures/sens.bio_and_misc_compare1_spawnbio.png  used 
on input line 3741.
(pdftex.def)             Requested size: 469.75386pt x 361.34912pt.
<Figures/growth_curve_comparison.png, id=1413, 578.16pt x 361.35pt>
File: Figures/growth_curve_comparison.png Graphic file (type png)
<use Figures/growth_curve_comparison.png>
Package pdftex.def Info: Figures/growth_curve_comparison.png  used on input lin
e 3749.
(pdftex.def)             Requested size: 469.75385pt x 293.59616pt.
[110 <./Figures/sens.catch_compare1_spawnbio.png>] [111 <./Figures/sens.catch_c
ompare11_indices_flt5.png>] [112 <./Figures/catch_multiplier_catch_comparison.p
ng>] [113 <./Figures/catch_multiplier_total_catch.png>] [114 <./Figures/sens.bi
o_and_misc_compare1_spawnbio.png>] [115 <./Figures/growth_curve_comparison.png>
]
<Figures/retro_compare2_spawnbio_uncertainty.png, id=1446, 469.755pt x 361.35pt
>
File: Figures/retro_compare2_spawnbio_uncertainty.png Graphic file (type png)
<use Figures/retro_compare2_spawnbio_uncertainty.png>
Package pdftex.def Info: Figures/retro_compare2_spawnbio_uncertainty.png  used 
on input line 3761.
(pdftex.def)             Requested size: 469.75386pt x 361.34912pt.
[116

] [117 <./Figures/retro_compare2_spawnbio_uncertainty.png>]

Package nag Warning: There is no environment ``centering''.
(nag)                Maybe you want a grouped \centering  on input line 3778.

<Figures/profile_logR0.png, id=1457, 469.755pt x 361.35pt>
File: Figures/profile_logR0.png Graphic file (type png)
<use Figures/profile_logR0.png>
Package pdftex.def Info: Figures/profile_logR0.png  used on input line 3779.
(pdftex.def)             Requested size: 469.75386pt x 361.34912pt.

Package nag Warning: There is no environment ``centering''.
(nag)                Maybe you want a grouped \centering  on input line 3780.

[118 <./Figures/profile_logR0.png>]
File: Figures/profile_logR0.png Graphic file (type png)
<use Figures/profile_logR0.png>
Package pdftex.def Info: Figures/profile_logR0.png  used on input line 3788.
(pdftex.def)             Requested size: 469.75386pt x 361.34912pt.
<Figures/profile_R0_compare1_spawnbio.png, id=1464, 469.755pt x 361.35pt>
File: Figures/profile_R0_compare1_spawnbio.png Graphic file (type png)
<use Figures/profile_R0_compare1_spawnbio.png>
Package pdftex.def Info: Figures/profile_R0_compare1_spawnbio.png  used on inpu
t line 3795.
(pdftex.def)             Requested size: 469.75386pt x 361.34912pt.
[119] [120 <./Figures/profile_R0_compare1_spawnbio.png>]
<Figures/profile_h.png, id=1476, 469.755pt x 361.35pt>
File: Figures/profile_h.png Graphic file (type png)
<use Figures/profile_h.png>
Package pdftex.def Info: Figures/profile_h.png  used on input line 3805.
(pdftex.def)             Requested size: 469.75386pt x 361.34912pt.
<Figures/profile_h_compare1_spawnbio.png, id=1477, 469.755pt x 361.35pt>
File: Figures/profile_h_compare1_spawnbio.png Graphic file (type png)
<use Figures/profile_h_compare1_spawnbio.png>
Package pdftex.def Info: Figures/profile_h_compare1_spawnbio.png  used on input
 line 3812.
(pdftex.def)             Requested size: 469.75386pt x 361.34912pt.
[121 <./Figures/profile_h.png>] [122 <./Figures/profile_h_compare1_spawnbio.png
>]
<Figures/profile_M.png, id=1490, 469.755pt x 361.35pt>
File: Figures/profile_M.png Graphic file (type png)
<use Figures/profile_M.png>
Package pdftex.def Info: Figures/profile_M.png  used on input line 3822.
(pdftex.def)             Requested size: 469.75386pt x 361.34912pt.
<Figures/profile_M_compare1_spawnbio.png, id=1491, 469.755pt x 361.35pt>
File: Figures/profile_M_compare1_spawnbio.png Graphic file (type png)
<use Figures/profile_M_compare1_spawnbio.png>
Package pdftex.def Info: Figures/profile_M_compare1_spawnbio.png  used on input
 line 3829.
(pdftex.def)             Requested size: 469.75386pt x 361.34912pt.
[123 <./Figures/profile_M.png>] [124 <./Figures/profile_M_compare1_spawnbio.png
>]

Package nag Warning: There is no environment ``centering''.
(nag)                Maybe you want a grouped \centering  on input line 3846.

File: r4ss/plots_mod1/yield1_yield_curve.png Graphic file (type png)
<use r4ss/plots_mod1/yield1_yield_curve.png>
Package pdftex.def Info: r4ss/plots_mod1/yield1_yield_curve.png  used on input 
line 3847.
(pdftex.def)             Requested size: 469.75386pt x 361.34912pt.
[125



]
<./r4ss/plots_mod1/comp_lenfit_flt1mkt2.png, id=1508, 469.755pt x 361.35pt>
File: ./r4ss/plots_mod1/comp_lenfit_flt1mkt2.png Graphic file (type png)
<use ./r4ss/plots_mod1/comp_lenfit_flt1mkt2.png>
Package pdftex.def Info: ./r4ss/plots_mod1/comp_lenfit_flt1mkt2.png  used on in
put line 3873.
(pdftex.def)             Requested size: 469.75386pt x 361.34912pt.
<./r4ss/plots_mod1/comp_lenfit_flt1mkt1.png, id=1509, 469.755pt x 361.35pt>
File: ./r4ss/plots_mod1/comp_lenfit_flt1mkt1.png Graphic file (type png)
<use ./r4ss/plots_mod1/comp_lenfit_flt1mkt1.png>
Package pdftex.def Info: ./r4ss/plots_mod1/comp_lenfit_flt1mkt1.png  used on in
put line 3882.
(pdftex.def)             Requested size: 469.75386pt x 361.34912pt.
<./r4ss/plots_mod1/comp_lenfit_flt5mkt0.png, id=1510, 469.755pt x 361.35pt>
File: ./r4ss/plots_mod1/comp_lenfit_flt5mkt0.png Graphic file (type png)
<use ./r4ss/plots_mod1/comp_lenfit_flt5mkt0.png>
Package pdftex.def Info: ./r4ss/plots_mod1/comp_lenfit_flt5mkt0.png  used on in
put line 3891.
(pdftex.def)             Requested size: 469.75386pt x 361.34912pt.
<./r4ss/plots_mod1/comp_lenfit_flt6mkt0.png, id=1511, 469.755pt x 361.35pt>
File: ./r4ss/plots_mod1/comp_lenfit_flt6mkt0.png Graphic file (type png)
<use ./r4ss/plots_mod1/comp_lenfit_flt6mkt0.png>
Package pdftex.def Info: ./r4ss/plots_mod1/comp_lenfit_flt6mkt0.png  used on in
put line 3900.
(pdftex.def)             Requested size: 469.75386pt x 361.34912pt.
[1]
Package marginnote Info: Using workaround for absolute page number on input lin
e 3907.
[2 <./r4ss/plots_mod1/comp_lenfit_flt1mkt2.png>] [3 <./r4ss/plots_mod1/comp_len
fit_flt1mkt1.png>] [4 <./r4ss/plots_mod1/comp_lenfit_flt5mkt0.png>] [5 <./r4ss/
plots_mod1/comp_lenfit_flt6mkt0.png>]
Overfull \hbox (14.87442pt too wide) in paragraph at lines 3918--3922
\OT1/cmr/m/n/12 Alaska. Avail-able from [][]\OMS/cmsy/m/n/12 f\OT1/cmr/m/n/12 h
ttps://www.afsc.noaa.gov/REFM/Docs/2018/GOA/GOAskate.pdf\OMS/cmsy/m/n/12 g[][]\
OT1/cmr/m/n/12 . 
 []

[6]
Overfull \hbox (19.44939pt too wide) in paragraph at lines 3992--3996
\OT1/cmr/m/n/12 OR. Avail-able from [][]\OMS/cmsy/m/n/12 ff\OT1/cmr/m/n/12 http
s://www.pcouncil.org/wp-content/uploads/STARreport[]Skate.pdf\OMS/cmsy/m/n/12 g
g[][]\OT1/cmr/m/n/12 . 
 []

pdfTeX warning (ext4): destination with the same identifier (name{page.}) has b
een already used, duplicate ignored
<to be read again> 
                   \relax 
l.4053 
        [7]
Underfull \hbox (badness 2057) in paragraph at lines 4060--4066
[][]\OT1/cmr/m/n/12 Gunderson, Don-ald Ray-mond and Sam-ple, Ter-rance M. 1980.
 Dis-tri-bu-tion and
 []

pdfTeX warning (ext4): destination with the same identifier (name{page.}) has b
een already used, duplicate ignored
<to be read again> 
                   \relax 
l.4117 
        [8]
Overfull \hbox (15.16559pt too wide) in paragraph at lines 4140--4144
\OT1/cmr/m/n/12 3.30.13. NOAA Fish-eries. Seat-tle, WA. Avail-able from [][]\OM
S/cmsy/m/n/12 f\OT1/cmr/m/n/12 https://vlab.ncep.noaa.gov/web/stock-
 []


Overfull \hbox (15.02594pt too wide) in paragraph at lines 4156--4160
\OT1/cmr/m/n/12 Avail-able from [][]\OMS/cmsy/m/n/12 f\OT1/cmr/m/n/12 http://ww
w.pcouncil.org/wp-content/uploads/2017/02/SAFE[]Dec2016[]02[]2\OMS/cmsy/m/n/12 
g[][]\OT1/cmr/m/n/12 . 
 []

pdfTeX warning (ext4): destination with the same identifier (name{page.}) has b
een already used, duplicate ignored
<to be read again> 
                   \relax 
l.4184 
        [9]
Overfull \hbox (1.98878pt too wide) in paragraph at lines 4194--4200
\OT1/cmr/m/n/12 age-ment Coun-cil, Port-land, OR. Avail-able from [][]\OMS/cmsy
/m/n/12 f\OT1/cmr/m/n/12 http://www.pcouncil.org/groundfish/stock-
 []


Package nag Warning: 13 complaints in total.

Package atveryend Info: Empty hook `BeforeClearDocument' on input line 4224.
pdfTeX warning (ext4): destination with the same identifier (name{page.}) has b
een already used, duplicate ignored
<to be read again> 
                   \relax 
l.4224 \end{document}
                      [10]
Package atveryend Info: Empty hook `AfterLastShipout' on input line 4224.
(./Big_Skate_2019.aux * soulpos - computing points - it may take a few seconds 
*
\openout4 = `Big_Skate_2019.upb'.

(./Big_Skate_2019.upa))
Package atveryend Info: Executing hook `AtVeryEndDocument' on input line 4224.
Package atveryend Info: Executing hook `AtEndAfterFileList' on input line 4224.

Package rerunfilecheck Info: File `Big_Skate_2019.out' has not changed.
(rerunfilecheck)             Checksum: FCFD8B7A1D713D630A42330BC74B3EF7;15547.

LaTeX Warning: There were undefined references.


LaTeX Warning: There were multiply-defined labels.

Package atveryend Info: Empty hook `AtVeryVeryEnd' on input line 4224.
 ) 
Here is how much of TeX's memory you used:
 19064 strings out of 494562
 323695 string characters out of 6175528
 466797 words of memory out of 5000000
 22004 multiletter control sequences out of 15000+600000
 14620 words of font info for 53 fonts, out of 8000000 for 9000
 14 hyphenation exceptions out of 8191
 38i,15n,84p,1027b,515s stack positions out of 5000i,500n,10000p,200000b,80000s
 <c:/Users/Andi.Stephens/Documents/.TinyTeX/texmf-var/fonts/pk/ljfour/jknappe
n/ec/tcrm1200.600pk><c:/Users/Andi.Stephens/AppData/Roaming/TinyTeX/texmf-dist/
fonts/type1/public/amsfonts/cm/cmbx12.pfb><c:/Users/Andi.Stephens/AppData/Roami
ng/TinyTeX/texmf-dist/fonts/type1/public/amsfonts/cm/cmbx8.pfb><c:/Users/Andi.S
tephens/AppData/Roaming/TinyTeX/texmf-dist/fonts/type1/public/amsfonts/cm/cmbxt
i10.pfb><c:/Users/Andi.Stephens/AppData/Roaming/TinyTeX/texmf-dist/fonts/type1/
public/amsfonts/cm/cmmi12.pfb><c:/Users/Andi.Stephens/AppData/Roaming/TinyTeX/t
exmf-dist/fonts/type1/public/amsfonts/cm/cmmi8.pfb><c:/Users/Andi.Stephens/AppD
ata/Roaming/TinyTeX/texmf-dist/fonts/type1/public/amsfonts/cm/cmr10.pfb><c:/Use
rs/Andi.Stephens/AppData/Roaming/TinyTeX/texmf-dist/fonts/type1/public/amsfonts
/cm/cmr12.pfb><c:/Users/Andi.Stephens/AppData/Roaming/TinyTeX/texmf-dist/fonts/
type1/public/amsfonts/cm/cmr17.pfb><c:/Users/Andi.Stephens/AppData/Roaming/Tiny
TeX/texmf-dist/fonts/type1/public/amsfonts/cm/cmr8.pfb><c:/Users/Andi.Stephens/
AppData/Roaming/TinyTeX/texmf-dist/fonts/type1/public/amsfonts/cm/cmss8.pfb><c:
/Users/Andi.Stephens/AppData/Roaming/TinyTeX/texmf-dist/fonts/type1/public/amsf
onts/cm/cmsy10.pfb><c:/Users/Andi.Stephens/AppData/Roaming/TinyTeX/texmf-dist/f
onts/type1/public/amsfonts/cm/cmsy8.pfb><c:/Users/Andi.Stephens/AppData/Roaming
/TinyTeX/texmf-dist/fonts/type1/public/amsfonts/cm/cmti10.pfb><c:/Users/Andi.St
ephens/AppData/Roaming/TinyTeX/texmf-dist/fonts/type1/public/amsfonts/cm/cmti12
.pfb>
Output written on Big_Skate_2019.pdf (142 pages, 4650157 bytes).
PDF statistics:
 1734 PDF objects out of 2073 (max. 8388607)
 1444 compressed objects within 15 object streams
 457 named destinations out of 1000 (max. 500000)
 964 words of extra memory for PDF output out of 10000 (max. 10000000)

